2026-03-20 22:17:44,523  INFO  ETL complete. Files in data\prices
2026-03-20 22:17:46,763  INFO  Combined feature file: 18340 rows ╫ 54 columns
2026-03-20 22:17:46,815  INFO  Loaded feature data: (18340, 54)
2026-03-20 22:18:05,295  INFO  Walk-forward complete: 28 folds trained.
2026-03-20 22:18:07,712  INFO  Ensemble predictions on 11500 OOS rows. Prob mean=0.371 std=0.159
2026-03-20 22:18:07,726  WARNING  No long signals passed the 60% confidence threshold on 2026-03-04 00:00:00. Highest probability: 0.431
2026-03-20 22:18:07,730  INFO  Signals on 2026-03-04 00:00:00: 0 long, 3 short.
2026-03-20 22:18:07,895  INFO  Vol-target scalar applied: 0.76
2026-03-20 22:18:07,897  WARNING  No close price for ASIANPAINT Ч skipping.
2026-03-20 22:18:07,897  WARNING  No close price for ULTRACEMCO Ч skipping.
2026-03-20 22:18:07,897  WARNING  No close price for ITC Ч skipping.
2026-03-20 22:18:07,897  WARNING  No close price for LT Ч skipping.
2026-03-20 22:18:07,897  WARNING  No close price for MARUTI Ч skipping.
2026-03-20 22:18:07,897  WARNING  No close price for POWERGRID Ч skipping.
2026-03-20 22:18:07,897  WARNING  No close price for HINDUNILVR Ч skipping.
2026-03-20 22:18:07,897  WARNING  No close price for NTPC Ч skipping.
2026-03-20 22:18:07,897  WARNING  No close price for TCS Ч skipping.
2026-03-20 22:18:07,897  WARNING  All orders filtered out (zero qty or missing prices).
2026-03-20 22:18:08,159  INFO  Backtest complete: CAGR=-17.2%  Sharpe=-10.23  MaxDD=-0.1%
2026-03-20 22:18:08,185  INFO  Pipeline finished.
2026-03-20 22:23:26,382  INFO  === Starting: ETL ===
2026-03-20 22:23:26,388  INFO  Downloading TCS.NS  (2023-01-01 тЖТ 2026-03-19)тАж
2026-03-20 22:23:28,323  INFO    тЬЕ Saved 793 rows тЖТ data\prices\TCS.parquet
2026-03-20 22:23:28,323  INFO  Downloading INFY.NS  (2023-01-01 тЖТ 2026-03-19)тАж
2026-03-20 22:23:28,904  INFO    тЬЕ Saved 793 rows тЖТ data\prices\INFY.parquet
2026-03-20 22:23:28,904  INFO  Downloading RELIANCE.NS  (2023-01-01 тЖТ 2026-03-19)тАж
2026-03-20 22:23:29,424  INFO    тЬЕ Saved 793 rows тЖТ data\prices\RELIANCE.parquet
2026-03-20 22:23:29,427  INFO  Downloading HDFCBANK.NS  (2023-01-01 тЖТ 2026-03-19)тАж
2026-03-20 22:23:29,983  INFO    тЬЕ Saved 793 rows тЖТ data\prices\HDFCBANK.parquet
2026-03-20 22:23:29,983  INFO  Downloading ICICIBANK.NS  (2023-01-01 тЖТ 2026-03-19)тАж
2026-03-20 22:23:30,746  INFO    тЬЕ Saved 793 rows тЖТ data\prices\ICICIBANK.parquet
2026-03-20 22:23:30,746  INFO  Downloading SBIN.NS  (2023-01-01 тЖТ 2026-03-19)тАж
2026-03-20 22:23:31,299  INFO    тЬЕ Saved 793 rows тЖТ data\prices\SBIN.parquet
2026-03-20 22:23:31,299  INFO  Downloading AXISBANK.NS  (2023-01-01 тЖТ 2026-03-19)тАж
2026-03-20 22:23:31,761  INFO    тЬЕ Saved 793 rows тЖТ data\prices\AXISBANK.parquet
2026-03-20 22:23:31,761  INFO  Downloading LT.NS  (2023-01-01 тЖТ 2026-03-19)тАж
2026-03-20 22:23:32,248  INFO    тЬЕ Saved 793 rows тЖТ data\prices\LT.parquet
2026-03-20 22:23:32,248  INFO  Downloading ITC.NS  (2023-01-01 тЖТ 2026-03-19)тАж
2026-03-20 22:23:33,089  INFO    тЬЕ Saved 793 rows тЖТ data\prices\ITC.parquet
2026-03-20 22:23:33,089  INFO  Downloading HINDUNILVR.NS  (2023-01-01 тЖТ 2026-03-19)тАж
2026-03-20 22:23:33,497  INFO    тЬЕ Saved 793 rows тЖТ data\prices\HINDUNILVR.parquet
2026-03-20 22:23:33,497  INFO  Downloading MARUTI.NS  (2023-01-01 тЖТ 2026-03-19)тАж
2026-03-20 22:23:34,020  INFO    тЬЕ Saved 793 rows тЖТ data\prices\MARUTI.parquet
2026-03-20 22:23:34,020  INFO  Downloading BAJFINANCE.NS  (2023-01-01 тЖТ 2026-03-19)тАж
2026-03-20 22:23:34,861  INFO    тЬЕ Saved 793 rows тЖТ data\prices\BAJFINANCE.parquet
2026-03-20 22:23:34,863  INFO  Downloading ASIANPAINT.NS  (2023-01-01 тЖТ 2026-03-19)тАж
2026-03-20 22:23:35,423  INFO    тЬЕ Saved 793 rows тЖТ data\prices\ASIANPAINT.parquet
2026-03-20 22:23:35,430  INFO  Downloading WIPRO.NS  (2023-01-01 тЖТ 2026-03-19)тАж
2026-03-20 22:23:36,038  INFO    тЬЕ Saved 793 rows тЖТ data\prices\WIPRO.parquet
2026-03-20 22:23:36,038  INFO  Downloading TITAN.NS  (2023-01-01 тЖТ 2026-03-19)тАж
2026-03-20 22:23:36,612  INFO    тЬЕ Saved 793 rows тЖТ data\prices\TITAN.parquet
2026-03-20 22:23:36,612  INFO  Downloading ULTRACEMCO.NS  (2023-01-01 тЖТ 2026-03-19)тАж
2026-03-20 22:23:37,071  INFO    тЬЕ Saved 793 rows тЖТ data\prices\ULTRACEMCO.parquet
2026-03-20 22:23:37,071  INFO  Downloading POWERGRID.NS  (2023-01-01 тЖТ 2026-03-19)тАж
2026-03-20 22:23:37,533  INFO    тЬЕ Saved 793 rows тЖТ data\prices\POWERGRID.parquet
2026-03-20 22:23:37,533  INFO  Downloading NTPC.NS  (2023-01-01 тЖТ 2026-03-19)тАж
2026-03-20 22:23:37,989  INFO    тЬЕ Saved 793 rows тЖТ data\prices\NTPC.parquet
2026-03-20 22:23:37,989  INFO  Downloading ADANIENT.NS  (2023-01-01 тЖТ 2026-03-19)тАж
2026-03-20 22:23:38,503  INFO    тЬЕ Saved 793 rows тЖТ data\prices\ADANIENT.parquet
2026-03-20 22:23:38,503  INFO  Downloading ADANIPORTS.NS  (2023-01-01 тЖТ 2026-03-19)тАж
2026-03-20 22:23:38,895  INFO    тЬЕ Saved 793 rows тЖТ data\prices\ADANIPORTS.parquet
2026-03-20 22:23:38,895  INFO  ETL complete. Files in data\prices
2026-03-20 22:23:38,895  INFO  === Done:     ETL ===
2026-03-20 22:23:38,895  INFO  === Starting: Features ===
2026-03-20 22:23:38,978  INFO  тЬЕ ADANIENT  тЖТ  584 rows, 54 features
2026-03-20 22:23:39,011  INFO  тЬЕ ADANIPORTS  тЖТ  584 rows, 54 features
2026-03-20 22:23:39,050  INFO  тЬЕ ASIANPAINT  тЖТ  584 rows, 54 features
2026-03-20 22:23:39,079  INFO  тЬЕ AXISBANK  тЖТ  584 rows, 54 features
2026-03-20 22:23:39,113  INFO  тЬЕ BAJFINANCE  тЖТ  584 rows, 54 features
2026-03-20 22:23:39,150  INFO  тЬЕ HDFCBANK  тЖТ  584 rows, 54 features
2026-03-20 22:23:39,180  INFO  тЬЕ HINDUNILVR  тЖТ  584 rows, 54 features
2026-03-20 22:23:39,235  INFO  тЬЕ ICICIBANK  тЖТ  584 rows, 54 features
2026-03-20 22:23:39,278  INFO  тЬЕ INFY  тЖТ  584 rows, 54 features
2026-03-20 22:23:39,317  INFO  тЬЕ ITC  тЖТ  584 rows, 54 features
2026-03-20 22:23:39,346  INFO  тЬЕ LT  тЖТ  584 rows, 54 features
2026-03-20 22:23:39,386  INFO  тЬЕ MARUTI  тЖТ  584 rows, 54 features
2026-03-20 22:23:39,412  INFO  тЬЕ HDFCBANK  тЖТ  1332 rows, 45 features
2026-03-20 22:23:39,435  INFO  тЬЕ ICICIBANK  тЖТ  1332 rows, 45 features
2026-03-20 22:23:39,467  INFO  тЬЕ INFY  тЖТ  1332 rows, 45 features
2026-03-20 22:23:39,486  INFO  тЬЕ RELIANCE  тЖТ  1332 rows, 45 features
2026-03-20 22:23:39,519  INFO  тЬЕ TCS  тЖТ  1332 rows, 45 features
2026-03-20 22:23:39,553  INFO  тЬЕ NTPC  тЖТ  584 rows, 54 features
2026-03-20 22:23:39,579  INFO  тЬЕ POWERGRID  тЖТ  584 rows, 54 features
2026-03-20 22:23:39,621  INFO  тЬЕ RELIANCE  тЖТ  584 rows, 54 features
2026-03-20 22:23:39,654  INFO  тЬЕ SBIN  тЖТ  584 rows, 54 features
2026-03-20 22:23:39,734  INFO  тЬЕ TCS  тЖТ  584 rows, 54 features
2026-03-20 22:23:39,767  INFO  тЬЕ TITAN  тЖТ  584 rows, 54 features
2026-03-20 22:23:39,799  INFO  тЬЕ ULTRACEMCO  тЖТ  584 rows, 54 features
2026-03-20 22:23:39,848  INFO  тЬЕ WIPRO  тЖТ  584 rows, 54 features
2026-03-20 22:23:39,921  INFO  Combined feature file: 18340 rows ├Ч 54 columns
2026-03-20 22:23:39,928  INFO  === Done:     Features ===
2026-03-20 22:23:39,928  INFO  === Starting: Signals ===
2026-03-20 22:23:39,963  INFO  Loaded feature data: (18340, 54)
2026-03-20 22:23:52,813  INFO  Walk-forward complete: 28 folds trained.
2026-03-20 22:23:55,294  INFO  Ensemble predictions on 11500 OOS rows. Prob mean=0.371 std=0.159
2026-03-20 22:23:55,303  WARNING  No long signals passed the 60% confidence threshold on 2026-03-04 00:00:00. Highest probability: 0.431
2026-03-20 22:23:55,305  INFO  Signals on 2026-03-04 00:00:00: 0 long, 3 short.
2026-03-20 22:23:55,387  INFO  тЬЕ Signals saved тЖТ data\signals\signals_2026-03-04.parquet
2026-03-20 22:23:55,393  INFO  === Done:     Signals ===
2026-03-20 22:23:55,393  INFO  === Starting: Orders ===
2026-03-20 22:23:55,403  INFO  close column missing from signals - merging from features parquet
2026-03-20 22:23:55,429  INFO  Active signals on 2026-03-05: 9
2026-03-20 22:23:55,478  INFO  Vol-target scalar applied: 0.76
2026-03-20 22:23:55,478  WARNING  No close price for ASIANPAINT - skipping.
2026-03-20 22:23:55,478  WARNING  No close price for ULTRACEMCO - skipping.
2026-03-20 22:23:55,478  WARNING  No close price for ITC - skipping.
2026-03-20 22:23:55,478  WARNING  No close price for LT - skipping.
2026-03-20 22:23:55,478  WARNING  No close price for MARUTI - skipping.
2026-03-20 22:23:55,478  WARNING  No close price for POWERGRID - skipping.
2026-03-20 22:23:55,478  WARNING  No close price for HINDUNILVR - skipping.
2026-03-20 22:23:55,478  WARNING  No close price for NTPC - skipping.
2026-03-20 22:23:55,478  INFO  Saved 1 orders to data\orders\orders_2026-03-05.parquet
2026-03-20 22:23:55,490  INFO  === Done:     Orders ===
2026-03-20 22:23:55,490  INFO  === Starting: Backtest ===
2026-03-20 22:23:55,745  INFO  Backtest complete: CAGR=-17.2%  Sharpe=-10.23  MaxDD=-0.1%
2026-03-20 22:23:55,760  INFO  Equity curve тЖТ reports/equity_curve.csv
2026-03-20 22:23:55,760  INFO  Metrics      тЖТ reports/metrics.json
2026-03-20 22:23:55,760  INFO  === Done:     Backtest ===
2026-03-20 22:23:55,760  INFO  Pipeline finished.
2026-03-20 22:27:11,045  INFO  === Starting: ETL ===
2026-03-20 22:27:11,045  INFO  Downloading TCS.NS  (2023-01-01 тЖТ 2026-03-19)тАж
2026-03-20 22:27:12,689  INFO    тЬЕ Saved 793 rows тЖТ data\prices\TCS.parquet
2026-03-20 22:27:12,689  INFO  Downloading INFY.NS  (2023-01-01 тЖТ 2026-03-19)тАж
2026-03-20 22:27:13,229  INFO    тЬЕ Saved 793 rows тЖТ data\prices\INFY.parquet
2026-03-20 22:27:13,238  INFO  Downloading RELIANCE.NS  (2023-01-01 тЖТ 2026-03-19)тАж
2026-03-20 22:27:13,663  INFO    тЬЕ Saved 793 rows тЖТ data\prices\RELIANCE.parquet
2026-03-20 22:27:13,663  INFO  Downloading HDFCBANK.NS  (2023-01-01 тЖТ 2026-03-19)тАж
2026-03-20 22:27:14,132  INFO    тЬЕ Saved 793 rows тЖТ data\prices\HDFCBANK.parquet
2026-03-20 22:27:14,132  INFO  Downloading ICICIBANK.NS  (2023-01-01 тЖТ 2026-03-19)тАж
2026-03-20 22:27:14,591  INFO    тЬЕ Saved 793 rows тЖТ data\prices\ICICIBANK.parquet
2026-03-20 22:27:14,591  INFO  Downloading SBIN.NS  (2023-01-01 тЖТ 2026-03-19)тАж
2026-03-20 22:27:15,188  INFO    тЬЕ Saved 793 rows тЖТ data\prices\SBIN.parquet
2026-03-20 22:27:15,188  INFO  Downloading AXISBANK.NS  (2023-01-01 тЖТ 2026-03-19)тАж
2026-03-20 22:27:15,764  INFO    тЬЕ Saved 793 rows тЖТ data\prices\AXISBANK.parquet
2026-03-20 22:27:15,764  INFO  Downloading LT.NS  (2023-01-01 тЖТ 2026-03-19)тАж
2026-03-20 22:27:16,194  INFO    тЬЕ Saved 793 rows тЖТ data\prices\LT.parquet
2026-03-20 22:27:16,194  INFO  Downloading ITC.NS  (2023-01-01 тЖТ 2026-03-19)тАж
2026-03-20 22:27:16,673  INFO    тЬЕ Saved 793 rows тЖТ data\prices\ITC.parquet
2026-03-20 22:27:16,673  INFO  Downloading HINDUNILVR.NS  (2023-01-01 тЖТ 2026-03-19)тАж
2026-03-20 22:27:17,227  INFO    тЬЕ Saved 793 rows тЖТ data\prices\HINDUNILVR.parquet
2026-03-20 22:27:17,227  INFO  Downloading MARUTI.NS  (2023-01-01 тЖТ 2026-03-19)тАж
2026-03-20 22:27:17,670  INFO    тЬЕ Saved 793 rows тЖТ data\prices\MARUTI.parquet
2026-03-20 22:27:17,670  INFO  Downloading BAJFINANCE.NS  (2023-01-01 тЖТ 2026-03-19)тАж
2026-03-20 22:27:18,186  INFO    тЬЕ Saved 793 rows тЖТ data\prices\BAJFINANCE.parquet
2026-03-20 22:27:18,186  INFO  Downloading ASIANPAINT.NS  (2023-01-01 тЖТ 2026-03-19)тАж
2026-03-20 22:27:18,649  INFO    тЬЕ Saved 793 rows тЖТ data\prices\ASIANPAINT.parquet
2026-03-20 22:27:18,649  INFO  Downloading WIPRO.NS  (2023-01-01 тЖТ 2026-03-19)тАж
2026-03-20 22:27:19,152  INFO    тЬЕ Saved 793 rows тЖТ data\prices\WIPRO.parquet
2026-03-20 22:27:19,152  INFO  Downloading TITAN.NS  (2023-01-01 тЖТ 2026-03-19)тАж
2026-03-20 22:27:19,705  INFO    тЬЕ Saved 793 rows тЖТ data\prices\TITAN.parquet
2026-03-20 22:27:19,705  INFO  Downloading ULTRACEMCO.NS  (2023-01-01 тЖТ 2026-03-19)тАж
2026-03-20 22:27:20,163  INFO    тЬЕ Saved 793 rows тЖТ data\prices\ULTRACEMCO.parquet
2026-03-20 22:27:20,163  INFO  Downloading POWERGRID.NS  (2023-01-01 тЖТ 2026-03-19)тАж
2026-03-20 22:27:20,667  INFO    тЬЕ Saved 793 rows тЖТ data\prices\POWERGRID.parquet
2026-03-20 22:27:20,667  INFO  Downloading NTPC.NS  (2023-01-01 тЖТ 2026-03-19)тАж
2026-03-20 22:27:21,183  INFO    тЬЕ Saved 793 rows тЖТ data\prices\NTPC.parquet
2026-03-20 22:27:21,183  INFO  Downloading ADANIENT.NS  (2023-01-01 тЖТ 2026-03-19)тАж
2026-03-20 22:27:21,636  INFO    тЬЕ Saved 793 rows тЖТ data\prices\ADANIENT.parquet
2026-03-20 22:27:21,636  INFO  Downloading ADANIPORTS.NS  (2023-01-01 тЖТ 2026-03-19)тАж
2026-03-20 22:27:22,203  INFO    тЬЕ Saved 793 rows тЖТ data\prices\ADANIPORTS.parquet
2026-03-20 22:27:22,209  INFO  ETL complete. Files in data\prices
2026-03-20 22:27:22,209  INFO  === Done:     ETL ===
2026-03-20 22:27:22,209  INFO  === Starting: Features ===
2026-03-20 22:27:22,263  INFO  тЬЕ ADANIENT  тЖТ  584 rows, 54 features
2026-03-20 22:27:22,304  INFO  тЬЕ ADANIPORTS  тЖТ  584 rows, 54 features
2026-03-20 22:27:22,334  INFO  тЬЕ ASIANPAINT  тЖТ  584 rows, 54 features
2026-03-20 22:27:22,371  INFO  тЬЕ AXISBANK  тЖТ  584 rows, 54 features
2026-03-20 22:27:22,399  INFO  тЬЕ BAJFINANCE  тЖТ  584 rows, 54 features
2026-03-20 22:27:22,435  INFO  тЬЕ HDFCBANK  тЖТ  584 rows, 54 features
2026-03-20 22:27:22,468  INFO  тЬЕ HINDUNILVR  тЖТ  584 rows, 54 features
2026-03-20 22:27:22,501  INFO  тЬЕ ICICIBANK  тЖТ  584 rows, 54 features
2026-03-20 22:27:22,534  INFO  тЬЕ INFY  тЖТ  584 rows, 54 features
2026-03-20 22:27:22,577  INFO  тЬЕ ITC  тЖТ  584 rows, 54 features
2026-03-20 22:27:22,609  INFO  тЬЕ LT  тЖТ  584 rows, 54 features
2026-03-20 22:27:22,641  INFO  тЬЕ MARUTI  тЖТ  584 rows, 54 features
2026-03-20 22:27:22,668  INFO  тЬЕ HDFCBANK  тЖТ  1332 rows, 45 features
2026-03-20 22:27:22,691  INFO  тЬЕ ICICIBANK  тЖТ  1332 rows, 45 features
2026-03-20 22:27:22,718  INFO  тЬЕ INFY  тЖТ  1332 rows, 45 features
2026-03-20 22:27:22,741  INFO  тЬЕ RELIANCE  тЖТ  1332 rows, 45 features
2026-03-20 22:27:22,769  INFO  тЬЕ TCS  тЖТ  1332 rows, 45 features
2026-03-20 22:27:22,802  INFO  тЬЕ NTPC  тЖТ  584 rows, 54 features
2026-03-20 22:27:22,835  INFO  тЬЕ POWERGRID  тЖТ  584 rows, 54 features
2026-03-20 22:27:22,868  INFO  тЬЕ RELIANCE  тЖТ  584 rows, 54 features
2026-03-20 22:27:22,964  INFO  тЬЕ SBIN  тЖТ  584 rows, 54 features
2026-03-20 22:27:23,038  INFO  тЬЕ TCS  тЖТ  584 rows, 54 features
2026-03-20 22:27:23,078  INFO  тЬЕ TITAN  тЖТ  584 rows, 54 features
2026-03-20 22:27:23,102  INFO  тЬЕ ULTRACEMCO  тЖТ  584 rows, 54 features
2026-03-20 22:27:23,145  INFO  тЬЕ WIPRO  тЖТ  584 rows, 54 features
2026-03-20 22:27:23,217  INFO  Combined feature file: 18340 rows ├Ч 54 columns
2026-03-20 22:27:23,224  INFO  === Done:     Features ===
2026-03-20 22:27:23,224  INFO  === Starting: Signals ===
2026-03-20 22:27:23,253  INFO  Loaded feature data: (18340, 54)
2026-03-20 22:27:36,391  INFO  Walk-forward complete: 28 folds trained.
2026-03-20 22:27:38,310  INFO  Ensemble predictions on 11500 OOS rows. Prob mean=0.371 std=0.159
2026-03-20 22:27:38,317  WARNING  No long signals passed the 60% confidence threshold on 2026-03-04 00:00:00. Highest probability: 0.431
2026-03-20 22:27:38,321  INFO  Signals on 2026-03-04 00:00:00: 0 long, 3 short.
2026-03-20 22:27:38,396  INFO  Full signal history saved -> data\signals\signals_history.parquet  (11500 rows)
2026-03-20 22:27:38,457  INFO  Latest signals saved -> data\signals\signals_2026-03-04.parquet
2026-03-20 22:27:38,460  INFO  === Done:     Signals ===
2026-03-20 22:27:38,460  INFO  === Starting: Orders ===
2026-03-20 22:27:38,476  INFO  Active signals on 2026-03-05: 9
2026-03-20 22:27:38,518  INFO  Vol-target scalar: 0.76
2026-03-20 22:27:38,552  INFO  Saved 9 orders to data\orders\orders_2026-03-05.parquet
2026-03-20 22:27:38,563  INFO  === Done:     Orders ===
2026-03-20 22:27:38,563  INFO  === Starting: Backtest ===
2026-03-20 22:27:38,696  INFO  Backtest: 11500 signal rows, 23565 price rows, date range 2023-11-06 to 2026-03-04
2026-03-20 22:27:38,861  INFO  Backtest complete: CAGR=0.0%  Sharpe=0.00  MaxDD=0.0%
2026-03-20 22:27:38,880  INFO  Equity curve saved -> reports/equity_curve.csv
2026-03-20 22:27:38,880  INFO  Metrics saved      -> reports/metrics.json
2026-03-20 22:27:38,880  INFO  === Done:     Backtest ===
2026-03-20 22:27:38,880  INFO  Pipeline finished.
2026-03-20 22:31:19,661  INFO  === Starting: ETL ===
2026-03-20 22:31:19,679  INFO  Downloading TCS.NS  (2023-01-01 тЖТ 2026-03-19)тАж
2026-03-20 22:31:21,485  INFO    тЬЕ Saved 793 rows тЖТ data\prices\TCS.parquet
2026-03-20 22:31:21,485  INFO  Downloading INFY.NS  (2023-01-01 тЖТ 2026-03-19)тАж
2026-03-20 22:31:21,949  INFO    тЬЕ Saved 793 rows тЖТ data\prices\INFY.parquet
2026-03-20 22:31:21,949  INFO  Downloading RELIANCE.NS  (2023-01-01 тЖТ 2026-03-19)тАж
2026-03-20 22:31:22,577  INFO    тЬЕ Saved 793 rows тЖТ data\prices\RELIANCE.parquet
2026-03-20 22:31:22,577  INFO  Downloading HDFCBANK.NS  (2023-01-01 тЖТ 2026-03-19)тАж
2026-03-20 22:31:23,056  INFO    тЬЕ Saved 793 rows тЖТ data\prices\HDFCBANK.parquet
2026-03-20 22:31:23,056  INFO  Downloading ICICIBANK.NS  (2023-01-01 тЖТ 2026-03-19)тАж
2026-03-20 22:31:23,910  INFO    тЬЕ Saved 793 rows тЖТ data\prices\ICICIBANK.parquet
2026-03-20 22:31:23,910  INFO  Downloading SBIN.NS  (2023-01-01 тЖТ 2026-03-19)тАж
2026-03-20 22:31:24,700  INFO    тЬЕ Saved 793 rows тЖТ data\prices\SBIN.parquet
2026-03-20 22:31:24,705  INFO  Downloading AXISBANK.NS  (2023-01-01 тЖТ 2026-03-19)тАж
2026-03-20 22:31:25,192  INFO    тЬЕ Saved 793 rows тЖТ data\prices\AXISBANK.parquet
2026-03-20 22:31:25,192  INFO  Downloading LT.NS  (2023-01-01 тЖТ 2026-03-19)тАж
2026-03-20 22:31:25,604  INFO    тЬЕ Saved 793 rows тЖТ data\prices\LT.parquet
2026-03-20 22:31:25,604  INFO  Downloading ITC.NS  (2023-01-01 тЖТ 2026-03-19)тАж
2026-03-20 22:31:26,086  INFO    тЬЕ Saved 793 rows тЖТ data\prices\ITC.parquet
2026-03-20 22:31:26,093  INFO  Downloading HINDUNILVR.NS  (2023-01-01 тЖТ 2026-03-19)тАж
2026-03-20 22:31:26,527  INFO    тЬЕ Saved 793 rows тЖТ data\prices\HINDUNILVR.parquet
2026-03-20 22:31:26,527  INFO  Downloading MARUTI.NS  (2023-01-01 тЖТ 2026-03-19)тАж
2026-03-20 22:31:26,971  INFO    тЬЕ Saved 793 rows тЖТ data\prices\MARUTI.parquet
2026-03-20 22:31:26,971  INFO  Downloading BAJFINANCE.NS  (2023-01-01 тЖТ 2026-03-19)тАж
2026-03-20 22:31:27,412  INFO    тЬЕ Saved 793 rows тЖТ data\prices\BAJFINANCE.parquet
2026-03-20 22:31:27,412  INFO  Downloading ASIANPAINT.NS  (2023-01-01 тЖТ 2026-03-19)тАж
2026-03-20 22:31:27,844  INFO    тЬЕ Saved 793 rows тЖТ data\prices\ASIANPAINT.parquet
2026-03-20 22:31:27,844  INFO  Downloading WIPRO.NS  (2023-01-01 тЖТ 2026-03-19)тАж
2026-03-20 22:31:28,307  INFO    тЬЕ Saved 793 rows тЖТ data\prices\WIPRO.parquet
2026-03-20 22:31:28,307  INFO  Downloading TITAN.NS  (2023-01-01 тЖТ 2026-03-19)тАж
2026-03-20 22:31:28,759  INFO    тЬЕ Saved 793 rows тЖТ data\prices\TITAN.parquet
2026-03-20 22:31:28,759  INFO  Downloading ULTRACEMCO.NS  (2023-01-01 тЖТ 2026-03-19)тАж
2026-03-20 22:31:29,273  INFO    тЬЕ Saved 793 rows тЖТ data\prices\ULTRACEMCO.parquet
2026-03-20 22:31:29,273  INFO  Downloading POWERGRID.NS  (2023-01-01 тЖТ 2026-03-19)тАж
2026-03-20 22:31:29,736  INFO    тЬЕ Saved 793 rows тЖТ data\prices\POWERGRID.parquet
2026-03-20 22:31:29,736  INFO  Downloading NTPC.NS  (2023-01-01 тЖТ 2026-03-19)тАж
2026-03-20 22:31:30,326  INFO    тЬЕ Saved 793 rows тЖТ data\prices\NTPC.parquet
2026-03-20 22:31:30,326  INFO  Downloading ADANIENT.NS  (2023-01-01 тЖТ 2026-03-19)тАж
2026-03-20 22:31:30,797  INFO    тЬЕ Saved 793 rows тЖТ data\prices\ADANIENT.parquet
2026-03-20 22:31:30,797  INFO  Downloading ADANIPORTS.NS  (2023-01-01 тЖТ 2026-03-19)тАж
2026-03-20 22:31:31,394  INFO    тЬЕ Saved 793 rows тЖТ data\prices\ADANIPORTS.parquet
2026-03-20 22:31:31,394  INFO  ETL complete. Files in data\prices
2026-03-20 22:31:31,394  INFO  === Done:     ETL ===
2026-03-20 22:31:31,394  INFO  === Starting: Features ===
2026-03-20 22:31:31,464  INFO  тЬЕ ADANIENT  тЖТ  584 rows, 54 features
2026-03-20 22:31:31,504  INFO  тЬЕ ADANIPORTS  тЖТ  584 rows, 54 features
2026-03-20 22:31:31,537  INFO  тЬЕ ASIANPAINT  тЖТ  584 rows, 54 features
2026-03-20 22:31:31,573  INFO  тЬЕ AXISBANK  тЖТ  584 rows, 54 features
2026-03-20 22:31:31,605  INFO  тЬЕ BAJFINANCE  тЖТ  584 rows, 54 features
2026-03-20 22:31:31,638  INFO  тЬЕ HDFCBANK  тЖТ  584 rows, 54 features
2026-03-20 22:31:31,680  INFO  тЬЕ HINDUNILVR  тЖТ  584 rows, 54 features
2026-03-20 22:31:31,720  INFO  тЬЕ ICICIBANK  тЖТ  584 rows, 54 features
2026-03-20 22:31:31,746  INFO  тЬЕ INFY  тЖТ  584 rows, 54 features
2026-03-20 22:31:31,778  INFO  тЬЕ ITC  тЖТ  584 rows, 54 features
2026-03-20 22:31:31,811  INFO  тЬЕ LT  тЖТ  584 rows, 54 features
2026-03-20 22:31:31,845  INFO  тЬЕ MARUTI  тЖТ  584 rows, 54 features
2026-03-20 22:31:31,876  INFO  тЬЕ HDFCBANK  тЖТ  1332 rows, 45 features
2026-03-20 22:31:31,904  INFO  тЬЕ ICICIBANK  тЖТ  1332 rows, 45 features
2026-03-20 22:31:31,926  INFO  тЬЕ INFY  тЖТ  1332 rows, 45 features
2026-03-20 22:31:31,958  INFO  тЬЕ RELIANCE  тЖТ  1332 rows, 45 features
2026-03-20 22:31:31,979  INFO  тЬЕ TCS  тЖТ  1332 rows, 45 features
2026-03-20 22:31:32,012  INFO  тЬЕ NTPC  тЖТ  584 rows, 54 features
2026-03-20 22:31:32,045  INFO  тЬЕ POWERGRID  тЖТ  584 rows, 54 features
2026-03-20 22:31:32,087  INFO  тЬЕ RELIANCE  тЖТ  584 rows, 54 features
2026-03-20 22:31:32,111  INFO  тЬЕ SBIN  тЖТ  584 rows, 54 features
2026-03-20 22:31:32,194  INFO  тЬЕ TCS  тЖТ  584 rows, 54 features
2026-03-20 22:31:32,221  INFO  тЬЕ TITAN  тЖТ  584 rows, 54 features
2026-03-20 22:31:32,270  INFO  тЬЕ ULTRACEMCO  тЖТ  584 rows, 54 features
2026-03-20 22:31:32,300  INFO  тЬЕ WIPRO  тЖТ  584 rows, 54 features
2026-03-20 22:31:32,380  INFO  Combined feature file: 18340 rows ├Ч 54 columns
2026-03-20 22:31:32,389  INFO  === Done:     Features ===
2026-03-20 22:31:32,389  INFO  === Starting: Signals ===
2026-03-20 22:31:32,421  INFO  Loaded feature data: (18340, 54)
2026-03-20 22:31:45,468  INFO  Walk-forward complete: 28 folds trained.
2026-03-20 22:31:47,275  INFO  Ensemble predictions on 11500 OOS rows. Prob mean=0.371 std=0.159
2026-03-20 22:31:48,504  INFO  Signals assigned across 575 dates. Avg per day: 2.9 long, 2.5 short.
2026-03-20 22:31:48,504  INFO  Signals on latest date 2026-03-04 00:00:00: 2 long, 3 short.
2026-03-20 22:31:48,570  INFO  Full signal history saved -> data\signals\signals_history.parquet  (11500 rows)
2026-03-20 22:31:48,634  INFO  Latest signals saved -> data\signals\signals_2026-03-04.parquet
2026-03-20 22:31:48,641  INFO  === Done:     Signals ===
2026-03-20 22:31:48,642  INFO  === Starting: Orders ===
2026-03-20 22:31:48,649  INFO  Active signals on 2026-03-05: 9
2026-03-20 22:31:48,703  INFO  Vol-target scalar: 0.76
2026-03-20 22:31:48,742  INFO  Saved 9 orders to data\orders\orders_2026-03-05.parquet
2026-03-20 22:31:48,742  INFO  === Done:     Orders ===
2026-03-20 22:31:48,742  INFO  === Starting: Backtest ===
2026-03-20 22:31:48,859  INFO  Backtest: 11500 signal rows, 23565 price rows, date range 2023-11-06 to 2026-03-04
2026-03-20 22:31:48,877  INFO  SHORT STOP-LOSS triggered: ADANIENT  entry=2249.88  current=2424.10
2026-03-20 22:31:48,881  INFO  STOP-LOSS triggered: ADANIENT  entry=2526.90  current=2314.30
2026-03-20 22:31:48,889  INFO  STOP-LOSS triggered: BAJFINANCE  entry=1085.00  current=1005.20
2026-03-20 22:31:48,907  INFO  SHORT STOP-LOSS triggered: ICICIBANK  entry=1259.28  current=1347.75
2026-03-20 22:31:49,025  INFO  Backtest complete: CAGR=-26.8%  Sharpe=-3.11  MaxDD=-52.0%
2026-03-20 22:31:49,041  INFO  Equity curve saved -> reports/equity_curve.csv
2026-03-20 22:31:49,041  INFO  Metrics saved      -> reports/metrics.json
2026-03-20 22:31:49,041  INFO  === Done:     Backtest ===
2026-03-20 22:31:49,041  INFO  Pipeline finished.
2026-03-20 22:37:08,832  INFO  === Starting: ETL ===
2026-03-20 22:37:08,852  INFO  Downloading TCS.NS  (2023-01-01 тЖТ 2026-03-19)тАж
2026-03-20 22:37:10,584  INFO    тЬЕ Saved 793 rows тЖТ data\prices\TCS.parquet
2026-03-20 22:37:10,584  INFO  Downloading INFY.NS  (2023-01-01 тЖТ 2026-03-19)тАж
2026-03-20 22:37:11,873  INFO    тЬЕ Saved 793 rows тЖТ data\prices\INFY.parquet
2026-03-20 22:37:11,875  INFO  Downloading RELIANCE.NS  (2023-01-01 тЖТ 2026-03-19)тАж
2026-03-20 22:37:12,555  INFO    тЬЕ Saved 793 rows тЖТ data\prices\RELIANCE.parquet
2026-03-20 22:37:12,555  INFO  Downloading HDFCBANK.NS  (2023-01-01 тЖТ 2026-03-19)тАж
2026-03-20 22:37:13,736  INFO    тЬЕ Saved 793 rows тЖТ data\prices\HDFCBANK.parquet
2026-03-20 22:37:13,736  INFO  Downloading ICICIBANK.NS  (2023-01-01 тЖТ 2026-03-19)тАж
2026-03-20 22:37:14,833  INFO    тЬЕ Saved 793 rows тЖТ data\prices\ICICIBANK.parquet
2026-03-20 22:37:14,833  INFO  Downloading SBIN.NS  (2023-01-01 тЖТ 2026-03-19)тАж
2026-03-20 22:37:15,953  INFO    тЬЕ Saved 793 rows тЖТ data\prices\SBIN.parquet
2026-03-20 22:37:15,953  INFO  Downloading AXISBANK.NS  (2023-01-01 тЖТ 2026-03-19)тАж
2026-03-20 22:37:17,089  INFO    тЬЕ Saved 793 rows тЖТ data\prices\AXISBANK.parquet
2026-03-20 22:37:17,089  INFO  Downloading LT.NS  (2023-01-01 тЖТ 2026-03-19)тАж
2026-03-20 22:37:18,314  INFO    тЬЕ Saved 793 rows тЖТ data\prices\LT.parquet
2026-03-20 22:37:18,318  INFO  Downloading ITC.NS  (2023-01-01 тЖТ 2026-03-19)тАж
2026-03-20 22:37:19,447  INFO    тЬЕ Saved 793 rows тЖТ data\prices\ITC.parquet
2026-03-20 22:37:19,447  INFO  Downloading HINDUNILVR.NS  (2023-01-01 тЖТ 2026-03-19)тАж
2026-03-20 22:37:20,503  INFO    тЬЕ Saved 793 rows тЖТ data\prices\HINDUNILVR.parquet
2026-03-20 22:37:20,505  INFO  Downloading MARUTI.NS  (2023-01-01 тЖТ 2026-03-19)тАж
2026-03-20 22:37:21,592  INFO    тЬЕ Saved 793 rows тЖТ data\prices\MARUTI.parquet
2026-03-20 22:37:21,592  INFO  Downloading BAJFINANCE.NS  (2023-01-01 тЖТ 2026-03-19)тАж
2026-03-20 22:37:22,716  INFO    тЬЕ Saved 793 rows тЖТ data\prices\BAJFINANCE.parquet
2026-03-20 22:37:22,716  INFO  Downloading ASIANPAINT.NS  (2023-01-01 тЖТ 2026-03-19)тАж
2026-03-20 22:37:23,836  INFO    тЬЕ Saved 793 rows тЖТ data\prices\ASIANPAINT.parquet
2026-03-20 22:37:23,837  INFO  Downloading WIPRO.NS  (2023-01-01 тЖТ 2026-03-19)тАж
2026-03-20 22:37:25,016  INFO    тЬЕ Saved 793 rows тЖТ data\prices\WIPRO.parquet
2026-03-20 22:37:25,016  INFO  Downloading TITAN.NS  (2023-01-01 тЖТ 2026-03-19)тАж
2026-03-20 22:37:26,407  INFO    тЬЕ Saved 793 rows тЖТ data\prices\TITAN.parquet
2026-03-20 22:37:26,407  INFO  Downloading ULTRACEMCO.NS  (2023-01-01 тЖТ 2026-03-19)тАж
2026-03-20 22:37:27,412  INFO    тЬЕ Saved 793 rows тЖТ data\prices\ULTRACEMCO.parquet
2026-03-20 22:37:27,412  INFO  Downloading POWERGRID.NS  (2023-01-01 тЖТ 2026-03-19)тАж
2026-03-20 22:37:32,652  INFO    тЬЕ Saved 793 rows тЖТ data\prices\POWERGRID.parquet
2026-03-20 22:37:32,652  INFO  Downloading NTPC.NS  (2023-01-01 тЖТ 2026-03-19)тАж
2026-03-20 22:37:33,689  INFO    тЬЕ Saved 793 rows тЖТ data\prices\NTPC.parquet
2026-03-20 22:37:33,689  INFO  Downloading ADANIENT.NS  (2023-01-01 тЖТ 2026-03-19)тАж
2026-03-20 22:37:34,798  INFO    тЬЕ Saved 793 rows тЖТ data\prices\ADANIENT.parquet
2026-03-20 22:37:34,798  INFO  Downloading ADANIPORTS.NS  (2023-01-01 тЖТ 2026-03-19)тАж
2026-03-20 22:37:35,842  INFO    тЬЕ Saved 793 rows тЖТ data\prices\ADANIPORTS.parquet
2026-03-20 22:37:35,842  INFO  ETL complete. Files in data\prices
2026-03-20 22:37:35,842  INFO  === Done:     ETL ===
2026-03-20 22:37:35,842  INFO  === Starting: Features ===
2026-03-20 22:37:35,903  INFO  тЬЕ ADANIENT  тЖТ  584 rows, 54 features
2026-03-20 22:37:35,937  INFO  тЬЕ ADANIPORTS  тЖТ  584 rows, 54 features
2026-03-20 22:37:35,970  INFO  тЬЕ ASIANPAINT  тЖТ  584 rows, 54 features
2026-03-20 22:37:36,003  INFO  тЬЕ AXISBANK  тЖТ  584 rows, 54 features
2026-03-20 22:37:36,043  INFO  тЬЕ BAJFINANCE  тЖТ  584 rows, 54 features
2026-03-20 22:37:36,069  INFO  тЬЕ HDFCBANK  тЖТ  584 rows, 54 features
2026-03-20 22:37:36,109  INFO  тЬЕ HINDUNILVR  тЖТ  584 rows, 54 features
2026-03-20 22:37:36,138  INFO  тЬЕ ICICIBANK  тЖТ  584 rows, 54 features
2026-03-20 22:37:36,175  INFO  тЬЕ INFY  тЖТ  584 rows, 54 features
2026-03-20 22:37:36,208  INFO  тЬЕ ITC  тЖТ  584 rows, 54 features
2026-03-20 22:37:36,242  INFO  тЬЕ LT  тЖТ  584 rows, 54 features
2026-03-20 22:37:36,276  INFO  тЬЕ MARUTI  тЖТ  584 rows, 54 features
2026-03-20 22:37:36,309  INFO  тЬЕ HDFCBANK  тЖТ  1332 rows, 45 features
2026-03-20 22:37:36,335  INFO  тЬЕ ICICIBANK  тЖТ  1332 rows, 45 features
2026-03-20 22:37:36,361  INFO  тЬЕ INFY  тЖТ  1332 rows, 45 features
2026-03-20 22:37:36,392  INFO  тЬЕ RELIANCE  тЖТ  1332 rows, 45 features
2026-03-20 22:37:36,420  INFO  тЬЕ TCS  тЖТ  1332 rows, 45 features
2026-03-20 22:37:36,453  INFO  тЬЕ NTPC  тЖТ  584 rows, 54 features
2026-03-20 22:37:36,486  INFO  тЬЕ POWERGRID  тЖТ  584 rows, 54 features
2026-03-20 22:37:36,519  INFO  тЬЕ RELIANCE  тЖТ  584 rows, 54 features
2026-03-20 22:37:36,553  INFO  тЬЕ SBIN  тЖТ  584 rows, 54 features
2026-03-20 22:37:36,641  INFO  тЬЕ TCS  тЖТ  584 rows, 54 features
2026-03-20 22:37:36,685  INFO  тЬЕ TITAN  тЖТ  584 rows, 54 features
2026-03-20 22:37:36,722  INFO  тЬЕ ULTRACEMCO  тЖТ  584 rows, 54 features
2026-03-20 22:37:36,754  INFO  тЬЕ WIPRO  тЖТ  584 rows, 54 features
2026-03-20 22:37:36,843  INFO  Combined feature file: 18340 rows ├Ч 54 columns
2026-03-20 22:37:36,843  INFO  === Done:     Features ===
2026-03-20 22:37:36,846  INFO  === Starting: Signals ===
2026-03-20 22:37:36,877  INFO  Loaded feature data: (18340, 54)
2026-03-20 22:37:49,867  INFO  Walk-forward complete: 28 folds trained.
2026-03-20 22:37:51,602  INFO  Ensemble predictions on 11500 OOS rows. Prob mean=0.371 std=0.159
2026-03-20 22:37:52,801  INFO  Signals assigned across 575 dates. Avg per day: 3.0 long, 3.0 short.
2026-03-20 22:37:52,801  INFO  Signals on latest date 2026-03-04 00:00:00: 3 long, 3 short.
2026-03-20 22:37:52,869  INFO  Full signal history saved -> data\signals\signals_history.parquet  (11500 rows)
2026-03-20 22:37:52,941  INFO  Latest signals saved -> data\signals\signals_2026-03-04.parquet
2026-03-20 22:37:52,950  INFO  === Done:     Signals ===
2026-03-20 22:37:52,951  INFO  === Starting: Orders ===
2026-03-20 22:37:52,986  INFO  Active signals on 2026-03-04: 6
2026-03-20 22:37:53,019  INFO  Vol-target scalar: 0.64
2026-03-20 22:37:53,051  INFO  Saved 6 orders to data\orders\orders_2026-03-04.parquet
2026-03-20 22:37:53,052  INFO  === Done:     Orders ===
2026-03-20 22:37:53,052  INFO  === Starting: Backtest ===
2026-03-20 22:37:53,213  INFO  Backtest: 11500 signal rows, 23565 price rows, date range 2023-11-06 to 2026-03-04
2026-03-20 22:37:53,230  INFO  SHORT STOP-LOSS triggered: ADANIENT  entry=3138.17  current=3384.30
2026-03-20 22:37:53,230  INFO  SHORT STOP-LOSS triggered: ADANIENT  entry=2256.38  current=2435.89
2026-03-20 22:37:53,234  INFO  SHORT STOP-LOSS triggered: ADANIENT  entry=2249.88  current=2424.10
2026-03-20 22:37:53,235  INFO  STOP-LOSS triggered: ADANIENT  entry=2526.90  current=2314.30
2026-03-20 22:37:53,248  INFO  STOP-LOSS triggered: BAJFINANCE  entry=1085.00  current=1005.20
2026-03-20 22:37:53,262  INFO  SHORT STOP-LOSS triggered: ICICIBANK  entry=1259.28  current=1347.75
2026-03-20 22:37:53,351  INFO  Backtest complete: CAGR=-26.6%  Sharpe=-3.60  MaxDD=-51.7%
2026-03-20 22:37:53,351  INFO  Equity curve saved -> reports/equity_curve.csv
2026-03-20 22:37:53,351  INFO  Metrics saved      -> reports/metrics.json
2026-03-20 22:37:53,358  INFO  === Done:     Backtest ===
2026-03-20 22:37:53,358  INFO  Pipeline finished.
2026-03-25 11:18:40,512  INFO  === Starting: ETL ===
2026-03-25 11:18:40,522  INFO  ETL: 20 symbols | 2019-01-01 to 2026-03-25
2026-03-25 11:18:40,524  INFO  Downloading TCS.NS ...
2026-03-25 11:18:42,627  INFO    Saved 1787 rows -> TCS
2026-03-25 11:18:42,629  INFO  Downloading INFY.NS ...
2026-03-25 11:18:43,389  INFO    Saved 1787 rows -> INFY
2026-03-25 11:18:43,389  INFO  Downloading RELIANCE.NS ...
2026-03-25 11:18:44,154  INFO    Saved 1787 rows -> RELIANCE
2026-03-25 11:18:44,154  INFO  Downloading HDFCBANK.NS ...
2026-03-25 11:18:44,914  INFO    Saved 1787 rows -> HDFCBANK
2026-03-25 11:18:44,914  INFO  Downloading ICICIBANK.NS ...
2026-03-25 11:18:45,756  INFO    Saved 1787 rows -> ICICIBANK
2026-03-25 11:18:45,756  INFO  Downloading SBIN.NS ...
2026-03-25 11:18:46,530  INFO    Saved 1787 rows -> SBIN
2026-03-25 11:18:46,530  INFO  Downloading AXISBANK.NS ...
2026-03-25 11:18:47,191  INFO    Saved 1787 rows -> AXISBANK
2026-03-25 11:18:47,193  INFO  Downloading LT.NS ...
2026-03-25 11:18:47,906  INFO    Saved 1787 rows -> LT
2026-03-25 11:18:47,906  INFO  Downloading ITC.NS ...
2026-03-25 11:18:48,699  INFO    Saved 1787 rows -> ITC
2026-03-25 11:18:48,699  INFO  Downloading HINDUNILVR.NS ...
2026-03-25 11:18:49,564  INFO    Saved 1787 rows -> HINDUNILVR
2026-03-25 11:18:49,564  INFO  Downloading MARUTI.NS ...
2026-03-25 11:18:50,395  INFO    Saved 1787 rows -> MARUTI
2026-03-25 11:18:50,395  INFO  Downloading BAJFINANCE.NS ...
2026-03-25 11:18:51,220  INFO    Saved 1787 rows -> BAJFINANCE
2026-03-25 11:18:51,220  INFO  Downloading ASIANPAINT.NS ...
2026-03-25 11:18:51,849  INFO    Saved 1787 rows -> ASIANPAINT
2026-03-25 11:18:51,849  INFO  Downloading WIPRO.NS ...
2026-03-25 11:18:52,645  INFO    Saved 1787 rows -> WIPRO
2026-03-25 11:18:52,645  INFO  Downloading TITAN.NS ...
2026-03-25 11:18:53,324  INFO    Saved 1787 rows -> TITAN
2026-03-25 11:18:53,324  INFO  Downloading ULTRACEMCO.NS ...
2026-03-25 11:18:53,984  INFO    Saved 1787 rows -> ULTRACEMCO
2026-03-25 11:18:53,984  INFO  Downloading POWERGRID.NS ...
2026-03-25 11:18:54,744  INFO    Saved 1787 rows -> POWERGRID
2026-03-25 11:18:54,744  INFO  Downloading NTPC.NS ...
2026-03-25 11:18:56,066  INFO    Saved 1787 rows -> NTPC
2026-03-25 11:18:56,066  INFO  Downloading ADANIENT.NS ...
2026-03-25 11:18:56,775  INFO    Saved 1787 rows -> ADANIENT
2026-03-25 11:18:56,775  INFO  Downloading ADANIPORTS.NS ...
2026-03-25 11:18:57,589  INFO    Saved 1787 rows -> ADANIPORTS
2026-03-25 11:18:57,589  INFO  ETL complete: 20/20 symbols downloaded.
2026-03-25 11:18:57,589  INFO  === Done:     ETL ===
2026-03-25 11:18:57,589  INFO  === Starting: Features ===
2026-03-25 11:18:57,737  INFO  ADANIENT: 1578 rows, 54 features
2026-03-25 11:18:57,767  INFO  ADANIPORTS: 1578 rows, 54 features
2026-03-25 11:18:57,808  INFO  ASIANPAINT: 1578 rows, 54 features
2026-03-25 11:18:57,849  INFO  AXISBANK: 1578 rows, 54 features
2026-03-25 11:18:57,890  INFO  BAJFINANCE: 1578 rows, 54 features
2026-03-25 11:18:57,917  INFO  HDFCBANK: 1578 rows, 54 features
2026-03-25 11:18:57,967  INFO  HINDUNILVR: 1578 rows, 54 features
2026-03-25 11:18:58,000  INFO  ICICIBANK: 1578 rows, 54 features
2026-03-25 11:18:58,035  INFO  INFY: 1578 rows, 54 features
2026-03-25 11:18:58,123  INFO  ITC: 1578 rows, 54 features
2026-03-25 11:18:58,171  INFO  LT: 1578 rows, 54 features
2026-03-25 11:18:58,218  INFO  MARUTI: 1578 rows, 54 features
2026-03-25 11:18:58,265  INFO  NTPC: 1578 rows, 54 features
2026-03-25 11:18:58,301  INFO  POWERGRID: 1578 rows, 54 features
2026-03-25 11:18:58,334  INFO  RELIANCE: 1578 rows, 54 features
2026-03-25 11:18:58,367  INFO  SBIN: 1578 rows, 54 features
2026-03-25 11:18:58,416  INFO  TCS: 1578 rows, 54 features
2026-03-25 11:18:58,451  INFO  TITAN: 1578 rows, 54 features
2026-03-25 11:18:58,484  INFO  ULTRACEMCO: 1578 rows, 54 features
2026-03-25 11:18:58,517  INFO  WIPRO: 1578 rows, 54 features
2026-03-25 11:18:58,653  INFO  Combined features: 31560 rows x 54 cols | date range 2019-10-29 00:00:00 to 2026-03-10 00:00:00
2026-03-25 11:18:58,653  INFO  === Done:     Features ===
2026-03-25 11:18:58,653  INFO  === Starting: Signals ===
2026-03-25 11:18:58,715  INFO  Loaded features: 31560 rows, 54 cols, date range 2019-10-29 00:00:00 to 2026-03-10 00:00:00
2026-03-25 11:18:58,718  INFO  Signal config: top_n=5  bottom_n=0
2026-03-25 11:19:28,474  INFO  Walk-forward complete: 64 folds trained.
2026-03-25 11:19:31,727  INFO  Ensemble on 26520 OOS rows. Prob mean=0.457 std=0.130
2026-03-25 11:19:33,607  INFO  Signals across 1326 dates. Avg/day: 5.0 long, 0.0 short.
2026-03-25 11:19:33,607  INFO  Latest date 2026-03-10 00:00:00: 5 long, 0 short.
2026-03-25 11:19:33,723  INFO  Signal history: 26520 rows -> data\signals\signals_history.parquet
2026-03-25 11:19:33,860  INFO  Latest signals -> data\signals\signals_2026-03-10.parquet
2026-03-25 11:19:33,872  INFO  === Done:     Signals ===
2026-03-25 11:19:33,872  INFO  === Starting: Orders ===
2026-03-25 11:19:33,932  INFO  Active signals on 2026-03-10: 5
2026-03-25 11:19:33,970  INFO  Vol-target scalar: 0.45
2026-03-25 11:19:33,993  INFO  Saved 5 orders -> data\orders\orders_2026-03-10.parquet
2026-03-25 11:19:33,997  INFO  === Done:     Orders ===
2026-03-25 11:19:33,999  INFO  === Starting: Backtest ===
2026-03-25 11:19:34,116  INFO  Backtest: 26520 signal rows | 35740 price rows | 2020-10-30 to 2026-03-10
2026-03-25 11:19:34,144  INFO  STOP-LOSS triggered: ADANIENT  entry=1779.97  current=1541.20
2026-03-25 11:19:34,148  INFO  STOP-LOSS triggered: ADANIENT  entry=3630.82  current=2757.67
2026-03-25 11:19:34,148  INFO  STOP-LOSS triggered: ADANIENT  entry=1720.34  current=1568.95
2026-03-25 11:19:34,148  INFO  STOP-LOSS triggered: ADANIENT  entry=1402.93  current=1191.87
2026-03-25 11:19:34,148  INFO  STOP-LOSS triggered: ADANIENT  entry=1720.69  current=1598.66
2026-03-25 11:19:34,148  INFO  STOP-LOSS triggered: ADANIENT  entry=2411.49  current=2230.49
2026-03-25 11:19:34,148  INFO  STOP-LOSS triggered: ADANIENT  entry=2411.76  current=2201.25
2026-03-25 11:19:34,148  INFO  STOP-LOSS triggered: ADANIENT  entry=3036.91  current=2764.20
2026-03-25 11:19:34,153  INFO  STOP-LOSS triggered: ADANIENT  entry=2343.79  current=2151.58
2026-03-25 11:19:34,153  INFO  STOP-LOSS triggered: ADANIENT  entry=2550.10  current=2350.90
2026-03-25 11:19:34,153  INFO  STOP-LOSS triggered: ADANIENT  entry=2363.60  current=2178.10
2026-03-25 11:19:34,153  INFO  STOP-LOSS triggered: ADANIENT  entry=2467.00  current=2255.00
2026-03-25 11:19:34,153  INFO  STOP-LOSS triggered: ADANIENT  entry=2280.20  current=2055.10
2026-03-25 11:19:34,153  INFO  STOP-LOSS triggered: ADANIENT  entry=2032.20  current=1864.20
2026-03-25 11:19:34,153  INFO  STOP-LOSS triggered: ADANIPORTS  entry=821.95  current=745.95
2026-03-25 11:19:34,153  INFO  STOP-LOSS triggered: ADANIPORTS  entry=739.54  current=686.01
2026-03-25 11:19:34,153  INFO  STOP-LOSS triggered: ADANIPORTS  entry=703.91  current=648.29
2026-03-25 11:19:34,159  INFO  STOP-LOSS triggered: ADANIPORTS  entry=587.62  current=487.37
2026-03-25 11:19:34,161  INFO  STOP-LOSS triggered: ADANIPORTS  entry=1193.74  current=1106.82
2026-03-25 11:19:34,165  INFO  STOP-LOSS triggered: ASIANPAINT  entry=2379.62  current=2179.67
2026-03-25 11:19:34,168  INFO  STOP-LOSS triggered: ASIANPAINT  entry=3184.21  current=2955.64
2026-03-25 11:19:34,168  INFO  STOP-LOSS triggered: ASIANPAINT  entry=3003.93  current=2765.77
2026-03-25 11:19:34,168  INFO  STOP-LOSS triggered: ASIANPAINT  entry=2985.54  current=2733.17
2026-03-25 11:19:34,168  INFO  STOP-LOSS triggered: ASIANPAINT  entry=2735.19  current=2499.17
2026-03-25 11:19:34,171  INFO  STOP-LOSS triggered: ASIANPAINT  entry=3199.17  current=2947.87
2026-03-25 11:19:34,171  INFO  STOP-LOSS triggered: ASIANPAINT  entry=2955.81  current=2704.15
2026-03-25 11:19:34,173  INFO  STOP-LOSS triggered: ASIANPAINT  entry=3215.06  current=2987.98
2026-03-25 11:19:34,173  INFO  STOP-LOSS triggered: ASIANPAINT  entry=2735.17  current=2511.62
2026-03-25 11:19:34,173  INFO  STOP-LOSS triggered: ASIANPAINT  entry=2444.21  current=2267.36
2026-03-25 11:19:34,173  INFO  STOP-LOSS triggered: ASIANPAINT  entry=2661.10  current=2416.00
2026-03-25 11:19:34,173  INFO  STOP-LOSS triggered: ASIANPAINT  entry=2392.50  current=2220.80
2026-03-25 11:19:34,184  INFO  STOP-LOSS triggered: BAJFINANCE  entry=517.87  current=480.27
2026-03-25 11:19:34,184  INFO  STOP-LOSS triggered: BAJFINANCE  entry=501.37  current=463.78
2026-03-25 11:19:34,199  INFO  STOP-LOSS triggered: HINDUNILVR  entry=1959.01  current=1820.10
2026-03-25 11:19:34,203  INFO  STOP-LOSS triggered: HINDUNILVR  entry=2316.24  current=2153.13
2026-03-25 11:19:34,206  INFO  STOP-LOSS triggered: HINDUNILVR  entry=2499.35  current=2314.00
2026-03-25 11:19:34,206  INFO  STOP-LOSS triggered: ICICIBANK  entry=572.04  current=520.88
2026-03-25 11:19:34,227  INFO  STOP-LOSS triggered: LT  entry=1752.67  current=1623.40
2026-03-25 11:19:34,227  INFO  STOP-LOSS triggered: LT  entry=1645.38  current=1507.47
2026-03-25 11:19:34,229  INFO  STOP-LOSS triggered: LT  entry=3534.44  current=3258.81
2026-03-25 11:19:34,235  INFO  STOP-LOSS triggered: LT  entry=4157.00  current=3865.80
2026-03-25 11:19:34,235  INFO  STOP-LOSS triggered: MARUTI  entry=7326.28  current=6529.08
2026-03-25 11:19:34,235  INFO  STOP-LOSS triggered: MARUTI  entry=8590.56  current=7904.67
2026-03-25 11:19:34,245  INFO  STOP-LOSS triggered: MARUTI  entry=15770.00  current=14502.00
2026-03-25 11:19:34,245  INFO  STOP-LOSS triggered: MARUTI  entry=14977.00  current=13508.00
2026-03-25 11:19:34,267  INFO  STOP-LOSS triggered: SBIN  entry=359.49  current=332.04
2026-03-25 11:19:34,267  INFO  STOP-LOSS triggered: SBIN  entry=327.75  current=303.44
2026-03-25 11:19:34,267  INFO  STOP-LOSS triggered: SBIN  entry=460.68  current=418.31
2026-03-25 11:19:34,267  INFO  STOP-LOSS triggered: SBIN  entry=528.59  current=489.48
2026-03-25 11:19:34,273  INFO  STOP-LOSS triggered: SBIN  entry=593.96  current=547.54
2026-03-25 11:19:34,280  INFO  STOP-LOSS triggered: TCS  entry=3151.11  current=2898.45
2026-03-25 11:19:34,282  INFO  STOP-LOSS triggered: TCS  entry=2945.83  current=2718.31
2026-03-25 11:19:34,282  INFO  STOP-LOSS triggered: TCS  entry=2886.43  current=2674.63
2026-03-25 11:19:34,289  INFO  STOP-LOSS triggered: TCS  entry=3743.82  current=3366.89
2026-03-25 11:19:34,289  INFO  STOP-LOSS triggered: TCS  entry=3376.37  current=3138.15
2026-03-25 11:19:34,292  INFO  STOP-LOSS triggered: TCS  entry=3376.10  current=3121.30
2026-03-25 11:19:34,293  INFO  STOP-LOSS triggered: TCS  entry=2991.50  current=2750.10
2026-03-25 11:19:34,293  INFO  STOP-LOSS triggered: TITAN  entry=2460.07  current=2260.29
2026-03-25 11:19:34,293  INFO  STOP-LOSS triggered: TITAN  entry=2112.53  current=1911.37
2026-03-25 11:19:34,297  INFO  STOP-LOSS triggered: TITAN  entry=3566.81  current=3259.64
2026-03-25 11:19:34,300  INFO  STOP-LOSS triggered: TITAN  entry=3391.07  current=3146.73
2026-03-25 11:19:34,300  INFO  STOP-LOSS triggered: TITAN  entry=3414.52  current=3170.36
2026-03-25 11:19:34,305  INFO  STOP-LOSS triggered: ULTRACEMCO  entry=6426.05  current=5927.73
2026-03-25 11:19:34,305  INFO  STOP-LOSS triggered: ULTRACEMCO  entry=7268.88  current=6661.76
2026-03-25 11:19:34,305  INFO  STOP-LOSS triggered: ULTRACEMCO  entry=6599.28  current=5847.55
2026-03-25 11:19:34,305  INFO  STOP-LOSS triggered: ULTRACEMCO  entry=6448.22  current=5878.93
2026-03-25 11:19:34,305  INFO  STOP-LOSS triggered: ULTRACEMCO  entry=5971.77  current=5552.42
2026-03-25 11:19:34,308  INFO  STOP-LOSS triggered: ULTRACEMCO  entry=5457.09  current=5062.03
2026-03-25 11:19:34,308  INFO  STOP-LOSS triggered: ULTRACEMCO  entry=6487.25  current=5975.56
2026-03-25 11:19:34,308  INFO  STOP-LOSS triggered: ULTRACEMCO  entry=12342.00  current=11414.00
2026-03-25 11:19:34,308  INFO  STOP-LOSS triggered: ULTRACEMCO  entry=12288.00  current=11378.00
2026-03-25 11:19:34,414  INFO  Backtest complete: CAGR=8.4%  Sharpe=0.46  MaxDD=-34.8%
2026-03-25 11:19:34,423  INFO  Saved equity_curve.csv and metrics.json
2026-03-25 11:19:34,423  INFO  === Done:     Backtest ===
2026-03-25 11:19:34,423  INFO  Pipeline finished.
2026-03-25 11:28:16,103  INFO  === Starting: ETL ===
2026-03-25 11:28:16,113  INFO  ETL: 20 symbols | 2019-01-01 to 2026-03-25
2026-03-25 11:28:16,113  INFO  Downloading TCS.NS ...
2026-03-25 11:28:18,272  INFO    Saved 1787 rows -> TCS
2026-03-25 11:28:18,272  INFO  Downloading INFY.NS ...
2026-03-25 11:28:19,104  INFO    Saved 1787 rows -> INFY
2026-03-25 11:28:19,104  INFO  Downloading RELIANCE.NS ...
2026-03-25 11:28:19,917  INFO    Saved 1787 rows -> RELIANCE
2026-03-25 11:28:19,917  INFO  Downloading HDFCBANK.NS ...
2026-03-25 11:28:20,794  INFO    Saved 1787 rows -> HDFCBANK
2026-03-25 11:28:20,800  INFO  Downloading ICICIBANK.NS ...
2026-03-25 11:28:21,597  INFO    Saved 1787 rows -> ICICIBANK
2026-03-25 11:28:21,599  INFO  Downloading SBIN.NS ...
2026-03-25 11:28:27,900  INFO    Saved 1787 rows -> SBIN
2026-03-25 11:28:27,902  INFO  Downloading AXISBANK.NS ...
2026-03-25 11:28:28,738  INFO    Saved 1787 rows -> AXISBANK
2026-03-25 11:28:28,738  INFO  Downloading LT.NS ...
2026-03-25 11:28:29,475  INFO    Saved 1787 rows -> LT
2026-03-25 11:28:29,478  INFO  Downloading ITC.NS ...
2026-03-25 11:28:30,340  INFO    Saved 1787 rows -> ITC
2026-03-25 11:28:30,340  INFO  Downloading HINDUNILVR.NS ...
2026-03-25 11:28:31,184  INFO    Saved 1787 rows -> HINDUNILVR
2026-03-25 11:28:31,189  INFO  Downloading MARUTI.NS ...
2026-03-25 11:28:31,956  INFO    Saved 1787 rows -> MARUTI
2026-03-25 11:28:31,963  INFO  Downloading BAJFINANCE.NS ...
2026-03-25 11:28:32,859  INFO    Saved 1787 rows -> BAJFINANCE
2026-03-25 11:28:32,859  INFO  Downloading ASIANPAINT.NS ...
2026-03-25 11:28:33,604  INFO    Saved 1787 rows -> ASIANPAINT
2026-03-25 11:28:33,604  INFO  Downloading WIPRO.NS ...
2026-03-25 11:28:34,437  INFO    Saved 1787 rows -> WIPRO
2026-03-25 11:28:34,439  INFO  Downloading TITAN.NS ...
2026-03-25 11:28:35,374  INFO    Saved 1787 rows -> TITAN
2026-03-25 11:28:35,374  INFO  Downloading ULTRACEMCO.NS ...
2026-03-25 11:28:36,130  INFO    Saved 1787 rows -> ULTRACEMCO
2026-03-25 11:28:36,133  INFO  Downloading POWERGRID.NS ...
2026-03-25 11:28:37,002  INFO    Saved 1787 rows -> POWERGRID
2026-03-25 11:28:37,007  INFO  Downloading NTPC.NS ...
2026-03-25 11:28:39,059  INFO    Saved 1787 rows -> NTPC
2026-03-25 11:28:39,059  INFO  Downloading ADANIENT.NS ...
2026-03-25 11:28:39,803  INFO    Saved 1787 rows -> ADANIENT
2026-03-25 11:28:39,806  INFO  Downloading ADANIPORTS.NS ...
2026-03-25 11:28:40,559  INFO    Saved 1787 rows -> ADANIPORTS
2026-03-25 11:28:40,559  INFO  ETL complete: 20/20 symbols downloaded.
2026-03-25 11:28:40,563  INFO  === Done:     ETL ===
2026-03-25 11:28:40,563  INFO  === Starting: Features ===
2026-03-25 11:28:40,805  INFO  ADANIENT: 1578 rows, 54 features
2026-03-25 11:28:40,893  INFO  ADANIPORTS: 1578 rows, 54 features
2026-03-25 11:28:40,986  INFO  ASIANPAINT: 1578 rows, 54 features
2026-03-25 11:28:41,094  INFO  AXISBANK: 1578 rows, 54 features
2026-03-25 11:28:41,215  INFO  BAJFINANCE: 1578 rows, 54 features
2026-03-25 11:28:41,314  INFO  HDFCBANK: 1578 rows, 54 features
2026-03-25 11:28:41,408  INFO  HINDUNILVR: 1578 rows, 54 features
2026-03-25 11:28:41,517  INFO  ICICIBANK: 1578 rows, 54 features
2026-03-25 11:28:41,618  INFO  INFY: 1578 rows, 54 features
2026-03-25 11:28:41,867  INFO  ITC: 1578 rows, 54 features
2026-03-25 11:28:41,975  INFO  LT: 1578 rows, 54 features
2026-03-25 11:28:42,075  INFO  MARUTI: 1578 rows, 54 features
2026-03-25 11:28:42,170  INFO  NTPC: 1578 rows, 54 features
2026-03-25 11:28:42,292  INFO  POWERGRID: 1578 rows, 54 features
2026-03-25 11:28:42,391  INFO  RELIANCE: 1578 rows, 54 features
2026-03-25 11:28:42,502  INFO  SBIN: 1578 rows, 54 features
2026-03-25 11:28:42,608  INFO  TCS: 1578 rows, 54 features
2026-03-25 11:28:42,714  INFO  TITAN: 1578 rows, 54 features
2026-03-25 11:28:42,846  INFO  ULTRACEMCO: 1578 rows, 54 features
2026-03-25 11:28:42,956  INFO  WIPRO: 1578 rows, 54 features
2026-03-25 11:28:43,418  INFO  Combined features: 31560 rows x 54 cols | date range 2019-10-29 00:00:00 to 2026-03-10 00:00:00
2026-03-25 11:28:43,425  INFO  === Done:     Features ===
2026-03-25 11:28:43,432  INFO  === Starting: Signals ===
2026-03-25 11:28:43,519  INFO  Loaded features: 31560 rows, 54 cols, date range 2019-10-29 00:00:00 to 2026-03-10 00:00:00
2026-03-25 11:28:43,523  INFO  Signal config: top_n=5  bottom_n=0
2026-03-25 11:29:38,701  INFO  Walk-forward complete: 64 folds trained.
2026-03-25 11:29:41,996  INFO  Ensemble on 26520 OOS rows. Prob mean=0.458 std=0.129
2026-03-25 11:29:43,838  INFO  Signals across 1326 dates. Avg/day: 5.0 long, 0.0 short.
2026-03-25 11:29:43,838  INFO  Latest date 2026-03-10 00:00:00: 5 long, 0 short.
2026-03-25 11:29:43,941  INFO  Signal history: 26520 rows -> data\signals\signals_history.parquet
2026-03-25 11:29:44,032  INFO  Latest signals -> data\signals\signals_2026-03-10.parquet
2026-03-25 11:29:44,037  INFO  === Done:     Signals ===
2026-03-25 11:29:44,037  INFO  === Starting: Orders ===
2026-03-25 11:29:44,146  INFO  Active signals on 2026-03-10: 5
2026-03-25 11:29:44,162  INFO  Vol-target scalar: 0.45
2026-03-25 11:29:44,195  INFO  Saved 5 orders -> data\orders\orders_2026-03-10.parquet
2026-03-25 11:29:44,195  INFO  === Done:     Orders ===
2026-03-25 11:29:44,195  INFO  === Starting: Backtest ===
2026-03-25 11:29:44,308  INFO  Backtest: 26520 signal rows | 35740 price rows | 2020-10-30 to 2026-03-10
2026-03-25 11:29:44,351  INFO  STOP-LOSS triggered: ADANIENT  entry=1761.16  current=1541.20
2026-03-25 11:29:44,353  INFO  STOP-LOSS triggered: ADANIENT  entry=3630.82  current=2757.67
2026-03-25 11:29:44,353  INFO  STOP-LOSS triggered: ADANIENT  entry=1747.30  current=1619.23
2026-03-25 11:29:44,353  INFO  STOP-LOSS triggered: ADANIENT  entry=1568.95  current=1402.93
2026-03-25 11:29:44,353  INFO  STOP-LOSS triggered: ADANIENT  entry=1380.76  current=1191.87
2026-03-25 11:29:44,353  INFO  STOP-LOSS triggered: ADANIENT  entry=1720.69  current=1598.66
2026-03-25 11:29:44,353  INFO  STOP-LOSS triggered: ADANIENT  entry=2411.49  current=2230.49
2026-03-25 11:29:44,353  INFO  STOP-LOSS triggered: ADANIENT  entry=2411.76  current=2201.25
2026-03-25 11:29:44,353  INFO  STOP-LOSS triggered: ADANIENT  entry=2990.60  current=2764.20
2026-03-25 11:29:44,353  INFO  STOP-LOSS triggered: ADANIENT  entry=2895.96  current=2182.57
2026-03-25 11:29:44,353  INFO  STOP-LOSS triggered: ADANIENT  entry=2337.79  current=2151.58
2026-03-25 11:29:44,353  INFO  STOP-LOSS triggered: ADANIENT  entry=2452.38  current=2249.88
2026-03-25 11:29:44,353  INFO  STOP-LOSS triggered: ADANIENT  entry=2350.90  current=2178.10
2026-03-25 11:29:44,353  INFO  STOP-LOSS triggered: ADANIENT  entry=2537.40  current=2314.30
2026-03-25 11:29:44,353  INFO  STOP-LOSS triggered: ADANIENT  entry=2369.40  current=2189.80
2026-03-25 11:29:44,353  INFO  STOP-LOSS triggered: ADANIENT  entry=2277.70  current=2055.10
2026-03-25 11:29:44,353  INFO  STOP-LOSS triggered: ADANIENT  entry=2032.20  current=1864.20
2026-03-25 11:29:44,353  INFO  STOP-LOSS triggered: ADANIPORTS  entry=821.95  current=745.95
2026-03-25 11:29:44,353  INFO  STOP-LOSS triggered: ADANIPORTS  entry=739.54  current=686.01
2026-03-25 11:29:44,375  INFO  STOP-LOSS triggered: ASIANPAINT  entry=3184.21  current=2955.63
2026-03-25 11:29:44,375  INFO  STOP-LOSS triggered: ASIANPAINT  entry=2985.54  current=2733.17
2026-03-25 11:29:44,375  INFO  STOP-LOSS triggered: ASIANPAINT  entry=2735.19  current=2499.17
2026-03-25 11:29:44,375  INFO  STOP-LOSS triggered: ASIANPAINT  entry=3224.41  current=2995.28
2026-03-25 11:29:44,375  INFO  STOP-LOSS triggered: ASIANPAINT  entry=3036.66  current=2821.86
2026-03-25 11:29:44,375  INFO  STOP-LOSS triggered: ASIANPAINT  entry=2828.55  current=2624.46
2026-03-25 11:29:44,375  INFO  STOP-LOSS triggered: ASIANPAINT  entry=3179.43  current=2890.59
2026-03-25 11:29:44,375  INFO  STOP-LOSS triggered: ASIANPAINT  entry=3215.06  current=2987.98
2026-03-25 11:29:44,375  INFO  STOP-LOSS triggered: ASIANPAINT  entry=2735.17  current=2511.62
2026-03-25 11:29:44,385  INFO  STOP-LOSS triggered: ASIANPAINT  entry=2444.21  current=2267.36
2026-03-25 11:29:44,388  INFO  STOP-LOSS triggered: ASIANPAINT  entry=2661.10  current=2416.00
2026-03-25 11:29:44,388  INFO  STOP-LOSS triggered: ASIANPAINT  entry=2397.20  current=2220.80
2026-03-25 11:29:44,388  INFO  STOP-LOSS triggered: BAJFINANCE  entry=504.14  current=462.34
2026-03-25 11:29:44,416  INFO  STOP-LOSS triggered: HINDUNILVR  entry=2316.24  current=2153.13
2026-03-25 11:29:44,420  INFO  STOP-LOSS triggered: HINDUNILVR  entry=2583.39  current=2338.60
2026-03-25 11:29:44,432  INFO  STOP-LOSS triggered: LT  entry=1709.68  current=1568.07
2026-03-25 11:29:44,448  INFO  STOP-LOSS triggered: LT  entry=3534.44  current=3258.81
2026-03-25 11:29:44,453  INFO  STOP-LOSS triggered: LT  entry=4157.00  current=3865.80
2026-03-25 11:29:44,453  INFO  STOP-LOSS triggered: MARUTI  entry=7537.18  current=6990.37
2026-03-25 11:29:44,453  INFO  STOP-LOSS triggered: MARUTI  entry=8590.56  current=7904.67
2026-03-25 11:29:44,453  INFO  STOP-LOSS triggered: MARUTI  entry=15770.00  current=14502.00
2026-03-25 11:29:44,453  INFO  STOP-LOSS triggered: MARUTI  entry=14977.00  current=13508.00
2026-03-25 11:29:44,480  INFO  STOP-LOSS triggered: SBIN  entry=354.00  current=327.75
2026-03-25 11:29:44,480  INFO  STOP-LOSS triggered: SBIN  entry=329.59  current=303.44
2026-03-25 11:29:44,480  INFO  STOP-LOSS triggered: SBIN  entry=460.68  current=418.31
2026-03-25 11:29:44,488  INFO  STOP-LOSS triggered: SBIN  entry=594.44  current=552.75
2026-03-25 11:29:44,493  INFO  STOP-LOSS triggered: TCS  entry=3061.19  current=2833.61
2026-03-25 11:29:44,493  INFO  STOP-LOSS triggered: TCS  entry=2968.24  current=2759.41
2026-03-25 11:29:44,493  INFO  STOP-LOSS triggered: TCS  entry=2886.43  current=2674.63
2026-03-25 11:29:44,499  INFO  STOP-LOSS triggered: TCS  entry=3743.82  current=3366.89
2026-03-25 11:29:44,500  INFO  STOP-LOSS triggered: TCS  entry=3485.69  current=3189.18
2026-03-25 11:29:44,500  INFO  STOP-LOSS triggered: TCS  entry=3376.10  current=3121.30
2026-03-25 11:29:44,503  INFO  STOP-LOSS triggered: TCS  entry=2991.50  current=2750.10
2026-03-25 11:29:44,503  INFO  STOP-LOSS triggered: TITAN  entry=2460.07  current=2260.29
2026-03-25 11:29:44,503  INFO  STOP-LOSS triggered: TITAN  entry=2226.68  current=2034.25
2026-03-25 11:29:44,508  INFO  STOP-LOSS triggered: TITAN  entry=3566.81  current=3259.64
2026-03-25 11:29:44,508  INFO  STOP-LOSS triggered: TITAN  entry=3389.45  current=3146.73
2026-03-25 11:29:44,508  INFO  STOP-LOSS triggered: TITAN  entry=3482.87  current=3212.33
2026-03-25 11:29:44,508  INFO  STOP-LOSS triggered: TITAN  entry=3414.52  current=3170.36
2026-03-25 11:29:44,512  INFO  STOP-LOSS triggered: ULTRACEMCO  entry=6426.05  current=5927.73
2026-03-25 11:29:44,512  INFO  STOP-LOSS triggered: ULTRACEMCO  entry=7268.88  current=6661.76
2026-03-25 11:29:44,512  INFO  STOP-LOSS triggered: ULTRACEMCO  entry=6599.28  current=5847.55
2026-03-25 11:29:44,512  INFO  STOP-LOSS triggered: ULTRACEMCO  entry=6448.22  current=5878.93
2026-03-25 11:29:44,512  INFO  STOP-LOSS triggered: ULTRACEMCO  entry=5971.77  current=5552.42
2026-03-25 11:29:44,512  INFO  STOP-LOSS triggered: ULTRACEMCO  entry=5457.09  current=5062.03
2026-03-25 11:29:44,517  INFO  STOP-LOSS triggered: ULTRACEMCO  entry=6487.25  current=5975.56
2026-03-25 11:29:44,518  INFO  STOP-LOSS triggered: ULTRACEMCO  entry=12288.00  current=11378.00
2026-03-25 11:29:44,617  INFO  Backtest complete: CAGR=7.8%  Sharpe=0.43  MaxDD=-26.5%
2026-03-25 11:29:44,624  INFO  Saved equity_curve.csv and metrics.json
2026-03-25 11:29:44,624  INFO  === Done:     Backtest ===
2026-03-25 11:29:44,624  INFO  Pipeline finished.
